<?xml version="1.0" encoding="UTF-8" ?>
<testsuite errors="1" failures="0" hostname="nic-linux" name="com.allendowney.javacs.CrawlerTest" skipped="0" tests="1" time="0.0" timestamp="2019-10-28T13:50:01">
  <properties>
    <property name="java.vendor" value="Oracle Corporation" />
    <property name="env.SESSION_MANAGER" value="local/nic-linux:@/tmp/.ICE-unix/523,unix/nic-linux:/tmp/.ICE-unix/523" />
    <property name="sun.java.launcher" value="SUN_STANDARD" />
    <property name="sun.management.compiler" value="HotSpot 64-Bit Tiered Compilers" />
    <property name="os.name" value="Linux" />
    <property name="sun.boot.class.path" value="/usr/lib/jvm/java-8-openjdk/jre/lib/resources.jar:/usr/lib/jvm/java-8-openjdk/jre/lib/rt.jar:/usr/lib/jvm/java-8-openjdk/jre/lib/sunrsasign.jar:/usr/lib/jvm/java-8-openjdk/jre/lib/jsse.jar:/usr/lib/jvm/java-8-openjdk/jre/lib/jce.jar:/usr/lib/jvm/java-8-openjdk/jre/lib/charsets.jar:/usr/lib/jvm/java-8-openjdk/jre/lib/jfr.jar:/usr/lib/jvm/java-8-openjdk/jre/classes" />
    <property name="env.PWD" value="/home/nic/Java/Repos/ThinkDataStructures" />
    <property name="env.LANG" value="en_US.UTF-8" />
    <property name="java.vm.specification.vendor" value="Oracle Corporation" />
    <property name="env.XDG_MENU_PREFIX" value="xfce-" />
    <property name="ant.home" value="/usr/share/ant" />
    <property name="java.runtime.version" value="1.8.0_222-b05" />
    <property name="env.XDG_SESSION_CLASS" value="user" />
    <property name="env.XDG_VTNR" value="7" />
    <property name="env.DISPLAY" value=":0.0" />
    <property name="user.name" value="nic" />
    <property name="env.USER" value="nic" />
    <property name="env.SHELL" value="/bin/bash" />
    <property name="env.DESKTOP_SESSION" value="xfce" />
    <property name="env.XDG_DATA_DIRS" value="/usr/local/share:/usr/share" />
    <property name="env.PATH" value="/usr/local/bin:/usr/bin:/bin:/usr/local/sbin:/usr/lib/jvm/default/bin:/usr/bin/site_perl:/usr/bin/vendor_perl:/usr/bin/core_perl" />
    <property name="env.XDG_CURRENT_DESKTOP" value="XFCE" />
    <property name="user.language" value="en" />
    <property name="env.XDG_SESSION_DESKTOP" value="xfce" />
    <property name="sun.boot.library.path" value="/usr/lib/jvm/java-8-openjdk/jre/lib/amd64" />
    <property name="ant.project.default-target" value="build" />
    <property name="ant.project.name" value="JavaCS" />
    <property name="java.version" value="1.8.0_222" />
    <property name="user.timezone" value="" />
    <property name="env.DBUS_SESSION_BUS_ADDRESS" value="unix:path=/run/user/1000/bus" />
    <property name="sun.arch.data.model" value="64" />
    <property name="java.endorsed.dirs" value="/usr/lib/jvm/java-8-openjdk/jre/lib/endorsed" />
    <property name="sun.cpu.isalist" value="" />
    <property name="sun.jnu.encoding" value="UTF-8" />
    <property name="file.encoding.pkg" value="sun.io" />
    <property name="env.SHLVL" value="1" />
    <property name="file.separator" value="/" />
    <property name="java.specification.name" value="Java Platform API Specification" />
    <property name="java.class.version" value="52.0" />
    <property name="env.GDMSESSION" value="xfce" />
    <property name="user.country" value="US" />
    <property name="ant.file.JavaCS" value="/home/nic/Java/Repos/ThinkDataStructures/build.xml" />
    <property name="java.home" value="/usr/lib/jvm/java-8-openjdk/jre" />
    <property name="java.vm.info" value="mixed mode" />
    <property name="env.LOGNAME" value="nic" />
    <property name="ant.file" value="/home/nic/Java/Repos/ThinkDataStructures/build.xml" />
    <property name="os.version" value="5.3.7-arch1-1-ARCH" />
    <property name="env.TERM_PROGRAM_VERSION" value="1.39.2" />
    <property name="path.separator" value=":" />
    <property name="java.vm.version" value="25.222-b05" />
    <property name="ant.library.dir" value="/usr/share/ant/lib" />
    <property name="env.XDG_SESSION_PATH" value="/org/freedesktop/DisplayManager/Session0" />
    <property name="junit.output.dir" value="junit" />
    <property name="env.XDG_SESSION_TYPE" value="x11" />
    <property name="java.awt.printerjob" value="sun.print.PSPrinterJob" />
    <property name="env.TERM" value="xterm-256color" />
    <property name="env.APPLICATION_INSIGHTS_NO_DIAGNOSTIC_CHANNEL" value="true" />
    <property name="sun.io.unicode.encoding" value="UnicodeLittle" />
    <property name="awt.toolkit" value="sun.awt.X11.XToolkit" />
    <property name="user.home" value="/home/nic" />
    <property name="target" value="1.7" />
    <property name="java.specification.vendor" value="Oracle Corporation" />
    <property name="env.TERM_PROGRAM" value="vscode" />
    <property name="java.library.path" value="/usr/java/packages/lib/amd64:/usr/lib64:/lib64:/lib:/usr/lib" />
    <property name="java.vendor.url" value="http://java.oracle.com/" />
    <property name="env.XDG_SEAT" value="seat0" />
    <property name="java.vm.vendor" value="Oracle Corporation" />
    <property name="java.runtime.name" value="OpenJDK Runtime Environment" />
    <property name="sun.java.command" value="org.apache.tools.ant.taskdefs.optional.junit.JUnitTestRunner com.allendowney.javacs.CrawlerTest skipNonTests=false filtertrace=true haltOnError=false haltOnFailure=false formatter=org.apache.tools.ant.taskdefs.optional.junit.OutErrSummaryJUnitResultFormatter showoutput=false outputtoformatters=true logfailedtests=true threadid=0 logtestlistenerevents=false formatter=org.apache.tools.ant.taskdefs.optional.junit.XMLJUnitResultFormatter,/home/nic/Java/Repos/ThinkDataStructures/junit/TEST-com.allendowney.javacs.CrawlerTest.xml crashfile=/home/nic/Java/Repos/ThinkDataStructures/junitvmwatcher8051931917035522378.properties propsfile=/home/nic/Java/Repos/ThinkDataStructures/junit3833863544231518662.properties" />
    <property name="java.class.path" value="/home/nic/Java/Repos/ThinkDataStructures/bin:/usr/share/java/junit-4.12.jar:/usr/share/java/ant/ant-launcher.jar:/usr/share/ant/lib/ant.jar:/usr/share/ant/lib/ant-junit.jar:/usr/share/ant/lib/ant-junit4.jar" />
    <property name="ant.version" value="Apache Ant(TM) version 1.10.7 compiled on September 10 2019" />
    <property name="env.XDG_SESSION_ID" value="1" />
    <property name="ant.file.type.JavaCS" value="file" />
    <property name="java.vm.specification.name" value="Java Virtual Machine Specification" />
    <property name="ant.file.type" value="file" />
    <property name="java.vm.specification.version" value="1.8" />
    <property name="sun.os.patch.level" value="unknown" />
    <property name="sun.cpu.endian" value="little" />
    <property name="env.HOME" value="/home/nic" />
    <property name="debuglevel" value="source,lines,vars" />
    <property name="java.io.tmpdir" value="/tmp" />
    <property name="env.XDG_SEAT_PATH" value="/org/freedesktop/DisplayManager/Seat0" />
    <property name="java.vendor.url.bug" value="http://bugreport.sun.com/bugreport/" />
    <property name="java.awt.graphicsenv" value="sun.awt.X11GraphicsEnvironment" />
    <property name="os.arch" value="amd64" />
    <property name="env.XDG_RUNTIME_DIR" value="/run/user/1000" />
    <property name="java.ext.dirs" value="/usr/lib/jvm/java-8-openjdk/jre/lib/ext:/usr/java/packages/lib/ext" />
    <property name="user.dir" value="/home/nic/Java/Repos/ThinkDataStructures" />
    <property name="env.XAUTHORITY" value="/home/nic/.Xauthority" />
    <property name="env.GTK_MODULES" value="canberra-gtk-module:canberra-gtk-module" />
    <property name="line.separator" value="&#xa;" />
    <property name="java.vm.name" value="OpenJDK 64-Bit Server VM" />
    <property name="env.COLORTERM" value="truecolor" />
    <property name="env.XDG_GREETER_DATA_DIR" value="/var/lib/lightdm-data/nic" />
    <property name="basedir" value="/home/nic/Java/Repos/ThinkDataStructures" />
    <property name="ant.java.version" value="1.8" />
    <property name="ant.core.lib" value="/usr/share/ant/lib/ant.jar" />
    <property name="source" value="1.7" />
    <property name="file.encoding" value="UTF-8" />
    <property name="env.MAIL" value="/var/spool/mail/nic" />
    <property name="java.specification.version" value="1.8" />
    <property name="ant.project.invoked-targets" value="CrawlerTest" />
    <property name="env.XDG_CONFIG_DIRS" value="/etc/xdg" />
  </properties>
  <error message="com.allendowney.javacs.CrawlerTest" type="java.lang.ClassNotFoundException">java.lang.ClassNotFoundException: com.allendowney.javacs.CrawlerTest
	at java.net.URLClassLoader.findClass(URLClassLoader.java:382)
	at java.lang.ClassLoader.loadClass(ClassLoader.java:424)
	at sun.misc.Launcher$AppClassLoader.loadClass(Launcher.java:349)
	at java.lang.ClassLoader.loadClass(ClassLoader.java:357)
	at java.lang.Class.forName0(Native Method)
	at java.lang.Class.forName(Class.java:348)
</error>
  <system-out><![CDATA[]]></system-out>
  <system-err><![CDATA[]]></system-err>
</testsuite>
